"C:\Program Files\Java\jdk-17\bin\java.exe" -ea -Didea.test.cyclic.buffer.size=1048576 "-javaagent:C:\Program Files\JetBrains\IntelliJ IDEA 2024.2.4\lib\idea_rt.jar=54909:C:\Program Files\JetBrains\IntelliJ IDEA 2024.2.4\bin" -Dfile.encoding=UTF-8 -classpath "C:\Program Files\JetBrains\IntelliJ IDEA 2024.2.4\lib\idea_rt.jar;C:\Program Files\JetBrains\IntelliJ IDEA 2024.2.4\plugins\junit\lib\junit5-rt.jar;C:\Program Files\JetBrains\IntelliJ IDEA 2024.2.4\plugins\junit\lib\junit-rt.jar;C:\Users\karin.last\IdeaProjects\ex5\out\production\ex5;C:\Users\karin.last\.m2\repository\junit\junit\4.13.1\junit-4.13.1.jar;C:\Users\karin.last\.m2\repository\org\hamcrest\hamcrest-core\1.3\hamcrest-core-1.3.jar;C:\Users\karin.last\.m2\repository\junit\junit\4.13.2\junit-4.13.2.jar" com.intellij.rt.junit.JUnitStarter -ideVersion5 -junit4 ex5.Tester_ex6_oop,runAllTests
The results of this test are saved in the file user_output

starting test \BaraksTests\if\01.sjava, 1 out of 459:
passed :)

starting test \BaraksTests\if\02.sjava, 2 out of 459:
passed :)

starting test \BaraksTests\if\03.sjava, 3 out of 459:
passed :)

starting test \BaraksTests\if\04.sjava, 4 out of 459:
passed :)

starting test \BaraksTests\if\05.sjava, 5 out of 459:
passed :)

starting test \BaraksTests\if\06.sjava, 6 out of 459:
passed :)

starting test \BaraksTests\if\07.sjava, 7 out of 459:
passed :)

starting test \BaraksTests\if\08.sjava, 8 out of 459:
passed :)

starting test \BaraksTests\if\09.sjava, 9 out of 459:
passed :)

starting test \BaraksTests\if\10.sjava, 10 out of 459:
passed :)

starting test \BaraksTests\if\11.sjava, 11 out of 459:
passed :)

starting test \BaraksTests\if\12.sjava, 12 out of 459:
passed :)

starting test \BaraksTests\if\13.sjava, 13 out of 459:
passed :)

starting test \BaraksTests\if\14.sjava, 14 out of 459:
failed						#######################################################

starting test \BaraksTests\if\15.sjava, 15 out of 459:
passed :)

starting test \BaraksTests\if\16.sjava, 16 out of 459:
passed :)

starting test \BaraksTests\if\17.sjava, 17 out of 459:
passed :)

starting test \BaraksTests\if\18.sjava, 18 out of 459:
passed :)

starting test \BaraksTests\if\22.sjava, 19 out of 459:
passed :)

starting test \BaraksTests\if\23.sjava, 20 out of 459:
passed :)

starting test \BaraksTests\if\24.sjava, 21 out of 459:
passed :)

starting test \BaraksTests\if\25.sjava, 22 out of 459:
passed :)

starting test \BaraksTests\if\26.sjava, 23 out of 459:
passed :)

starting test \BaraksTests\if\27.sjava, 24 out of 459:
passed :)

starting test \BaraksTests\if\28.sjava, 25 out of 459:
passed :)

starting test \BaraksTests\if\29.sjava, 26 out of 459:
passed :)

starting test \BaraksTests\if\30.sjava, 27 out of 459:
failed						#######################################################

starting test \BaraksTests\if\31.sjava, 28 out of 459:
passed :)

starting test \BaraksTests\methods\01.sjava, 29 out of 459:
passed :)

starting test \BaraksTests\methods\02.sjava, 30 out of 459:
passed :)

starting test \BaraksTests\methods\03.sjava, 31 out of 459:
passed :)

starting test \BaraksTests\methods\04.sjava, 32 out of 459:
passed :)

starting test \BaraksTests\methods\06.sjava, 33 out of 459:
passed :)

starting test \BaraksTests\methods\07.sjava, 34 out of 459:
passed :)

starting test \BaraksTests\methods\08.sjava, 35 out of 459:
passed :)

starting test \BaraksTests\methods\09.sjava, 36 out of 459:
passed :)

starting test \BaraksTests\methods\10.sjava, 37 out of 459:
passed :)

starting test \BaraksTests\methods\11.sjava, 38 out of 459:
passed :)

starting test \BaraksTests\methods\12.sjava, 39 out of 459:
passed :)

starting test \BaraksTests\methods\13.sjava, 40 out of 459:
passed :)

starting test \BaraksTests\methods\14.sjava, 41 out of 459:
passed :)

starting test \BaraksTests\methods\16.sjava, 42 out of 459:
passed :)

starting test \BaraksTests\methods\17.sjava, 43 out of 459:
passed :)

starting test \BaraksTests\methods\18.sjava, 44 out of 459:
passed :)

starting test \BaraksTests\methods\19.sjava, 45 out of 459:
passed :)

starting test \BaraksTests\methods\20.sjava, 46 out of 459:
passed :)

starting test \BaraksTests\methods\21.sjava, 47 out of 459:
passed :)

starting test \BaraksTests\methods\22.sjava, 48 out of 459:
passed :)

starting test \BaraksTests\methods\23.sjava, 49 out of 459:
passed :)

starting test \BaraksTests\methods\24.sjava, 50 out of 459:
passed :)

starting test \BaraksTests\methods\25.sjava, 51 out of 459:
passed :)

starting test \BaraksTests\methods\26.sjava, 52 out of 459:
passed :)

starting test \BaraksTests\methods\27.sjava, 53 out of 459:
passed :)

starting test \BaraksTests\methods\28.sjava, 54 out of 459:
passed :)

starting test \BaraksTests\methods\29.sjava, 55 out of 459:
passed :)

starting test \BaraksTests\methods\31.sjava, 56 out of 459:
passed :)

starting test \BaraksTests\methods\32.sjava, 57 out of 459:
passed :)

starting test \BaraksTests\methods\33.sjava, 58 out of 459:
passed :)

starting test \BaraksTests\methods\34.sjava, 59 out of 459:
passed :)

starting test \BaraksTests\methods\35.sjava, 60 out of 459:
passed :)

starting test \BaraksTests\methods\37.sjava, 61 out of 459:
passed :)

starting test \BaraksTests\return\01.sjava, 62 out of 459:
passed :)

starting test \BaraksTests\return\02.sjava, 63 out of 459:
passed :)

starting test \BaraksTests\return\03.sjava, 64 out of 459:
while testing \BaraksTests\return\03.sjava, Your program printed something that is not '1' or '0' or '2'.
The prints were:

java.lang.IllegalStateException: Cannot pop the global scope.
	at ex5.context.Context.popScope(Context.java:64)
	at ex5.parser.Parser.handleBlockEnd(Parser.java:169)
	at ex5.parser.Parser.processFile(Parser.java:88)
	at ex5.parser.Parser.parse(Parser.java:51)
	at ex5.main.Sjavac.main(Sjavac.java:29)
	at ex5.Tester_ex6_oop.runTestWithOnUser(Tester_ex6_oop.java:304)
	at ex5.Tester_ex6_oop.doOneTest(Tester_ex6_oop.java:209)
	at ex5.Tester_ex6_oop.runAllTests(Tester_ex6_oop.java:102)
	at java.base/jdk.internal.reflect.NativeMethodAccessorImpl.invoke0(Native Method)
	at java.base/jdk.internal.reflect.NativeMethodAccessorImpl.invoke(NativeMethodAccessorImpl.java:77)
	at java.base/jdk.internal.reflect.DelegatingMethodAccessorImpl.invoke(DelegatingMethodAccessorImpl.java:43)
	at java.base/java.lang.reflect.Method.invoke(Method.java:568)
	at org.junit.runners.model.FrameworkMethod$1.runReflectiveCall(FrameworkMethod.java:59)
	at org.junit.internal.runners.model.ReflectiveCallable.run(ReflectiveCallable.java:12)
	at org.junit.runners.model.FrameworkMethod.invokeExplosively(FrameworkMethod.java:56)
	at org.junit.internal.runners.statements.InvokeMethod.evaluate(InvokeMethod.java:17)
	at org.junit.runners.ParentRunner$3.evaluate(ParentRunner.java:306)
	at org.junit.runners.BlockJUnit4ClassRunner$1.evaluate(BlockJUnit4ClassRunner.java:100)
	at org.junit.runners.ParentRunner.runLeaf(ParentRunner.java:366)
	at org.junit.runners.BlockJUnit4ClassRunner.runChild(BlockJUnit4ClassRunner.java:103)
	at org.junit.runners.BlockJUnit4ClassRunner.runChild(BlockJUnit4ClassRunner.java:63)
	at org.junit.runners.ParentRunner$4.run(ParentRunner.java:331)
	at org.junit.runners.ParentRunner$1.schedule(ParentRunner.java:79)
	at org.junit.runners.ParentRunner.runChildren(ParentRunner.java:329)
	at org.junit.runners.ParentRunner.access$100(ParentRunner.java:66)
	at org.junit.runners.ParentRunner$2.evaluate(ParentRunner.java:293)
	at org.junit.runners.ParentRunner$3.evaluate(ParentRunner.java:306)
	at org.junit.runners.ParentRunner.run(ParentRunner.java:413)
	at org.junit.runner.JUnitCore.run(JUnitCore.java:137)
	at com.intellij.junit4.JUnit4IdeaTestRunner.startRunnerWithArgs(JUnit4IdeaTestRunner.java:69)
	at com.intellij.rt.junit.IdeaTestRunner$Repeater$1.execute(IdeaTestRunner.java:38)
	at com.intellij.rt.execution.junit.TestsRepeater.repeat(TestsRepeater.java:11)
	at com.intellij.rt.junit.IdeaTestRunner$Repeater.startRunnerWithArgs(IdeaTestRunner.java:35)
	at com.intellij.rt.junit.JUnitStarter.prepareStreamsAndStart(JUnitStarter.java:232)
	at com.intellij.rt.junit.JUnitStarter.main(JUnitStarter.java:55)

starting test \BaraksTests\return\04.sjava, 65 out of 459:
failed						#######################################################

starting test \BaraksTests\return\05.sjava, 66 out of 459:
passed :)

starting test \BaraksTests\return\06.sjava, 67 out of 459:
passed :)

starting test \BaraksTests\return\07.sjava, 68 out of 459:
passed :)

starting test \BaraksTests\return\08.sjava, 69 out of 459:
passed :)

starting test \BaraksTests\return\09.sjava, 70 out of 459:
passed :)

starting test \BaraksTests\return\10.sjava, 71 out of 459:
failed						#######################################################

starting test \BaraksTests\return\11.sjava, 72 out of 459:
passed :)

starting test \BaraksTests\return\12.sjava, 73 out of 459:
passed :)

starting test \BaraksTests\return\13.sjava, 74 out of 459:
passed :)

starting test \BaraksTests\return\14.sjava, 75 out of 459:
while testing \BaraksTests\return\14.sjava, Your program printed something that is not '1' or '0' or '2'.
The prints were:

java.lang.IllegalStateException: Cannot pop the global scope.
	at ex5.context.Context.popScope(Context.java:64)
	at ex5.parser.Parser.handleBlockEnd(Parser.java:169)
	at ex5.parser.Parser.processFile(Parser.java:88)
	at ex5.parser.Parser.parse(Parser.java:51)
	at ex5.main.Sjavac.main(Sjavac.java:29)
	at ex5.Tester_ex6_oop.runTestWithOnUser(Tester_ex6_oop.java:304)
	at ex5.Tester_ex6_oop.doOneTest(Tester_ex6_oop.java:209)
	at ex5.Tester_ex6_oop.runAllTests(Tester_ex6_oop.java:102)
	at java.base/jdk.internal.reflect.NativeMethodAccessorImpl.invoke0(Native Method)
	at java.base/jdk.internal.reflect.NativeMethodAccessorImpl.invoke(NativeMethodAccessorImpl.java:77)
	at java.base/jdk.internal.reflect.DelegatingMethodAccessorImpl.invoke(DelegatingMethodAccessorImpl.java:43)
	at java.base/java.lang.reflect.Method.invoke(Method.java:568)
	at org.junit.runners.model.FrameworkMethod$1.runReflectiveCall(FrameworkMethod.java:59)
	at org.junit.internal.runners.model.ReflectiveCallable.run(ReflectiveCallable.java:12)
	at org.junit.runners.model.FrameworkMethod.invokeExplosively(FrameworkMethod.java:56)
	at org.junit.internal.runners.statements.InvokeMethod.evaluate(InvokeMethod.java:17)
	at org.junit.runners.ParentRunner$3.evaluate(ParentRunner.java:306)
	at org.junit.runners.BlockJUnit4ClassRunner$1.evaluate(BlockJUnit4ClassRunner.java:100)
	at org.junit.runners.ParentRunner.runLeaf(ParentRunner.java:366)
	at org.junit.runners.BlockJUnit4ClassRunner.runChild(BlockJUnit4ClassRunner.java:103)
	at org.junit.runners.BlockJUnit4ClassRunner.runChild(BlockJUnit4ClassRunner.java:63)
	at org.junit.runners.ParentRunner$4.run(ParentRunner.java:331)
	at org.junit.runners.ParentRunner$1.schedule(ParentRunner.java:79)
	at org.junit.runners.ParentRunner.runChildren(ParentRunner.java:329)
	at org.junit.runners.ParentRunner.access$100(ParentRunner.java:66)
	at org.junit.runners.ParentRunner$2.evaluate(ParentRunner.java:293)
	at org.junit.runners.ParentRunner$3.evaluate(ParentRunner.java:306)
	at org.junit.runners.ParentRunner.run(ParentRunner.java:413)
	at org.junit.runner.JUnitCore.run(JUnitCore.java:137)
	at com.intellij.junit4.JUnit4IdeaTestRunner.startRunnerWithArgs(JUnit4IdeaTestRunner.java:69)
	at com.intellij.rt.junit.IdeaTestRunner$Repeater$1.execute(IdeaTestRunner.java:38)
	at com.intellij.rt.execution.junit.TestsRepeater.repeat(TestsRepeater.java:11)
	at com.intellij.rt.junit.IdeaTestRunner$Repeater.startRunnerWithArgs(IdeaTestRunner.java:35)
	at com.intellij.rt.junit.JUnitStarter.prepareStreamsAndStart(JUnitStarter.java:232)
	at com.intellij.rt.junit.JUnitStarter.main(JUnitStarter.java:55)

starting test \BaraksTests\structure\01.sjava, 76 out of 459:
passed :)

starting test \BaraksTests\structure\02.sjava, 77 out of 459:
failed						#######################################################

starting test \BaraksTests\structure\03.sjava, 78 out of 459:
passed :)

starting test \BaraksTests\structure\04.sjava, 79 out of 459:
passed :)

starting test \BaraksTests\structure\05.sjava, 80 out of 459:
passed :)

starting test \BaraksTests\structure\06.sjava, 81 out of 459:
passed :)

starting test \BaraksTests\structure\07.sjava, 82 out of 459:
passed :)

starting test \BaraksTests\structure\08.sjava, 83 out of 459:
passed :)

starting test \BaraksTests\structure\09.sjava, 84 out of 459:
passed :)

starting test \BaraksTests\structure\10.sjava, 85 out of 459:
passed :)

starting test \BaraksTests\structure\11.sjava, 86 out of 459:
passed :)

starting test \BaraksTests\structure\12.sjava, 87 out of 459:
passed :)

starting test \BaraksTests\structure\13.sjava, 88 out of 459:
passed :)

starting test \BaraksTests\structure\14.sjava, 89 out of 459:
passed :)

starting test \BaraksTests\structure\15.sjava, 90 out of 459:
passed :)

starting test \BaraksTests\structure\16.sjava, 91 out of 459:
passed :)

starting test \BaraksTests\structure\17.sjava, 92 out of 459:
passed :)

starting test \BaraksTests\structure\18.sjava, 93 out of 459:
passed :)

starting test \BaraksTests\structure\19.sjava, 94 out of 459:
failed						#######################################################

starting test \BaraksTests\structure\20.sjava, 95 out of 459:
while testing \BaraksTests\structure\20.sjava, Your program printed something that is not '1' or '0' or '2'.
The prints were:

java.lang.IllegalStateException: Cannot pop the global scope.
	at ex5.context.Context.popScope(Context.java:64)
	at ex5.parser.Parser.handleBlockEnd(Parser.java:169)
	at ex5.parser.Parser.processFile(Parser.java:88)
	at ex5.parser.Parser.parse(Parser.java:51)
	at ex5.main.Sjavac.main(Sjavac.java:29)
	at ex5.Tester_ex6_oop.runTestWithOnUser(Tester_ex6_oop.java:304)
	at ex5.Tester_ex6_oop.doOneTest(Tester_ex6_oop.java:209)
	at ex5.Tester_ex6_oop.runAllTests(Tester_ex6_oop.java:102)
	at java.base/jdk.internal.reflect.NativeMethodAccessorImpl.invoke0(Native Method)
	at java.base/jdk.internal.reflect.NativeMethodAccessorImpl.invoke(NativeMethodAccessorImpl.java:77)
	at java.base/jdk.internal.reflect.DelegatingMethodAccessorImpl.invoke(DelegatingMethodAccessorImpl.java:43)
	at java.base/java.lang.reflect.Method.invoke(Method.java:568)
	at org.junit.runners.model.FrameworkMethod$1.runReflectiveCall(FrameworkMethod.java:59)
	at org.junit.internal.runners.model.ReflectiveCallable.run(ReflectiveCallable.java:12)
	at org.junit.runners.model.FrameworkMethod.invokeExplosively(FrameworkMethod.java:56)
	at org.junit.internal.runners.statements.InvokeMethod.evaluate(InvokeMethod.java:17)
	at org.junit.runners.ParentRunner$3.evaluate(ParentRunner.java:306)
	at org.junit.runners.BlockJUnit4ClassRunner$1.evaluate(BlockJUnit4ClassRunner.java:100)
	at org.junit.runners.ParentRunner.runLeaf(ParentRunner.java:366)
	at org.junit.runners.BlockJUnit4ClassRunner.runChild(BlockJUnit4ClassRunner.java:103)
	at org.junit.runners.BlockJUnit4ClassRunner.runChild(BlockJUnit4ClassRunner.java:63)
	at org.junit.runners.ParentRunner$4.run(ParentRunner.java:331)
	at org.junit.runners.ParentRunner$1.schedule(ParentRunner.java:79)
	at org.junit.runners.ParentRunner.runChildren(ParentRunner.java:329)
	at org.junit.runners.ParentRunner.access$100(ParentRunner.java:66)
	at org.junit.runners.ParentRunner$2.evaluate(ParentRunner.java:293)
	at org.junit.runners.ParentRunner$3.evaluate(ParentRunner.java:306)
	at org.junit.runners.ParentRunner.run(ParentRunner.java:413)
	at org.junit.runner.JUnitCore.run(JUnitCore.java:137)
	at com.intellij.junit4.JUnit4IdeaTestRunner.startRunnerWithArgs(JUnit4IdeaTestRunner.java:69)
	at com.intellij.rt.junit.IdeaTestRunner$Repeater$1.execute(IdeaTestRunner.java:38)
	at com.intellij.rt.execution.junit.TestsRepeater.repeat(TestsRepeater.java:11)
	at com.intellij.rt.junit.IdeaTestRunner$Repeater.startRunnerWithArgs(IdeaTestRunner.java:35)
	at com.intellij.rt.junit.JUnitStarter.prepareStreamsAndStart(JUnitStarter.java:232)
	at com.intellij.rt.junit.JUnitStarter.main(JUnitStarter.java:55)

starting test \BaraksTests\structure\21.sjava, 96 out of 459:
passed :)

starting test \BaraksTests\structure\22.sjava, 97 out of 459:
failed						#######################################################

starting test \BaraksTests\structure\23.sjava, 98 out of 459:
passed :)

starting test \BaraksTests\structure\24.sjava, 99 out of 459:
passed :)

starting test \BaraksTests\structure\25.sjava, 100 out of 459:
passed :)

starting test \BaraksTests\variables\01.sjava, 101 out of 459:
passed :)

starting test \BaraksTests\variables\02.sjava, 102 out of 459:
passed :)

starting test \BaraksTests\variables\03.sjava, 103 out of 459:
passed :)

starting test \BaraksTests\variables\04.sjava, 104 out of 459:
passed :)

starting test \BaraksTests\variables\05.sjava, 105 out of 459:
passed :)

starting test \BaraksTests\variables\06.sjava, 106 out of 459:
passed :)

starting test \BaraksTests\variables\07.sjava, 107 out of 459:
passed :)

starting test \BaraksTests\variables\08.sjava, 108 out of 459:
passed :)

starting test \BaraksTests\variables\09.sjava, 109 out of 459:
passed :)

starting test \BaraksTests\variables\10.sjava, 110 out of 459:
passed :)

starting test \BaraksTests\variables\11.sjava, 111 out of 459:
passed :)

starting test \BaraksTests\variables\12.sjava, 112 out of 459:
passed :)

starting test \BaraksTests\variables\13.sjava, 113 out of 459:
passed :)

starting test \BaraksTests\variables\14.sjava, 114 out of 459:
passed :)

starting test \BaraksTests\variables\15.sjava, 115 out of 459:
passed :)

starting test \BaraksTests\variables\16.sjava, 116 out of 459:
passed :)

starting test \BaraksTests\variables\17.sjava, 117 out of 459:
passed :)

starting test \BaraksTests\variables\18.sjava, 118 out of 459:
passed :)

starting test \BaraksTests\variables\19.sjava, 119 out of 459:
passed :)

starting test \BaraksTests\variables\20.sjava, 120 out of 459:
passed :)

starting test \BaraksTests\variables\21.sjava, 121 out of 459:
passed :)

starting test \BaraksTests\variables\22.sjava, 122 out of 459:
passed :)

starting test \BaraksTests\variables\23.sjava, 123 out of 459:
passed :)

starting test \BaraksTests\variables\24.sjava, 124 out of 459:
passed :)

starting test \BaraksTests\variables\25.sjava, 125 out of 459:
passed :)

starting test \BaraksTests\variables\26.sjava, 126 out of 459:
passed :)

starting test \BaraksTests\variables\27.sjava, 127 out of 459:
passed :)

starting test \BaraksTests\variables\28.sjava, 128 out of 459:
passed :)

starting test \BaraksTests\variables\29.sjava, 129 out of 459:
passed :)

starting test \BaraksTests\variables\30.sjava, 130 out of 459:
passed :)

starting test \BaraksTests\variables\31.sjava, 131 out of 459:
passed :)

starting test \BaraksTests\variables\32.sjava, 132 out of 459:
passed :)

starting test \BaraksTests\variables\33.sjava, 133 out of 459:
passed :)

starting test \BaraksTests\variables\34.sjava, 134 out of 459:
passed :)

starting test \BaraksTests\variables\35.sjava, 135 out of 459:
passed :)

starting test \BaraksTests\variables\36.sjava, 136 out of 459:
passed :)

starting test \BaraksTests\variables\37.sjava, 137 out of 459:
passed :)

starting test \BaraksTests\variables\38.sjava, 138 out of 459:
passed :)

starting test \BaraksTests\variables\39.sjava, 139 out of 459:
passed :)

starting test \BaraksTests\variables\40.sjava, 140 out of 459:
passed :)

starting test \BaraksTests\variables\41.sjava, 141 out of 459:
passed :)

starting test \BaraksTests\variables\42.sjava, 142 out of 459:
passed :)

starting test \BaraksTests\variables\43.sjava, 143 out of 459:
passed :)

starting test \BaraksTests\variables\44.sjava, 144 out of 459:
passed :)

starting test \BaraksTests\variables\45.sjava, 145 out of 459:
passed :)

starting test \BaraksTests\variables\46.sjava, 146 out of 459:
passed :)

starting test \BaraksTests\variables\47.sjava, 147 out of 459:
passed :)

starting test \BaraksTests\variables\48.sjava, 148 out of 459:
passed :)

starting test \BaraksTests\variables\49.sjava, 149 out of 459:
passed :)

starting test \BaraksTests\variables\50.sjava, 150 out of 459:
passed :)

starting test \BaraksTests\variables\51.sjava, 151 out of 459:
passed :)

starting test \BaraksTests\variables\52.sjava, 152 out of 459:
passed :)

starting test \BaraksTests\variables\53.sjava, 153 out of 459:
passed :)

starting test \BaraksTests\variables\54.sjava, 154 out of 459:
passed :)

starting test \BaraksTests\variables\55.sjava, 155 out of 459:
passed :)

starting test \BaraksTests\variables\56.sjava, 156 out of 459:
passed :)

starting test \BaraksTests\variables\57.sjava, 157 out of 459:
passed :)

starting test \BaraksTests\variables\58.sjava, 158 out of 459:
passed :)

starting test \BaraksTests\variables\59.sjava, 159 out of 459:
passed :)

starting test \BaraksTests\variables\60.sjava, 160 out of 459:
passed :)

starting test \BaraksTests\variables\61.sjava, 161 out of 459:
passed :)

starting test \BaraksTests\variables\62.sjava, 162 out of 459:
passed :)

starting test \BaraksTests\variables\63.sjava, 163 out of 459:
passed :)

starting test \BaraksTests\variables\64.sjava, 164 out of 459:
passed :)

starting test \BaraksTests\variables\65.sjava, 165 out of 459:
passed :)

starting test \BaraksTests\variables\66.sjava, 166 out of 459:
failed						#######################################################

starting test \BaraksTests\variables\67.sjava, 167 out of 459:
passed :)

starting test \BaraksTests\variables\68.sjava, 168 out of 459:
passed :)

starting test \BaraksTests\variables\69.sjava, 169 out of 459:
passed :)

starting test \BaraksTests\variables\70.sjava, 170 out of 459:
failed						#######################################################

starting test \BaraksTests\variables\71.sjava, 171 out of 459:
passed :)

starting test \BaraksTests\variables\72.sjava, 172 out of 459:
passed :)

starting test \BaraksTests\variables\73.sjava, 173 out of 459:
passed :)

starting test \BaraksTests\variables\74.sjava, 174 out of 459:
passed :)

starting test \BaraksTests\variables\75.sjava, 175 out of 459:
passed :)

starting test \BaraksTests\variables\76.sjava, 176 out of 459:
passed :)

starting test \BaraksTests\variables\77.sjava, 177 out of 459:
passed :)

starting test \BaraksTests\variables\78.sjava, 178 out of 459:
passed :)

starting test \BaraksTests\variables\79.sjava, 179 out of 459:
passed :)

starting test \BaraksTests\variables\80.sjava, 180 out of 459:
failed						#######################################################

starting test \BaraksTests\variables\81.sjava, 181 out of 459:
passed :)

starting test \BaraksTests\variables\82.sjava, 182 out of 459:
passed :)

starting test \BaraksTests\variables\83.sjava, 183 out of 459:
passed :)

starting test \BaraksTests\variables\84.sjava, 184 out of 459:
passed :)

starting test \BaraksTests\variables\85.sjava, 185 out of 459:
passed :)

starting test \BaraksTests\variables\86.sjava, 186 out of 459:
passed :)

starting test \BaraksTests\variables\87.sjava, 187 out of 459:
passed :)

starting test \BaraksTests\variables\88.sjava, 188 out of 459:
passed :)

starting test \BaraksTests\variables\89.sjava, 189 out of 459:
passed :)

starting test \BaraksTests\variables\90.sjava, 190 out of 459:
passed :)

starting test \BaraksTests\variables\91.sjava, 191 out of 459:
passed :)

starting test \BaraksTests\variables\92.sjava, 192 out of 459:
passed :)

starting test \BaraksTests\variables\93.sjava, 193 out of 459:
passed :)

starting test \BaraksTests\variables\94.sjava, 194 out of 459:
passed :)

starting test \BaraksTests\variables\95.sjava, 195 out of 459:
passed :)

starting test \BaraksTests\while\01.sjava, 196 out of 459:
passed :)

starting test \BaraksTests\while\02.sjava, 197 out of 459:
passed :)

starting test \BaraksTests\while\03.sjava, 198 out of 459:
passed :)

starting test \BaraksTests\while\04.sjava, 199 out of 459:
passed :)

starting test \BaraksTests\while\05.sjava, 200 out of 459:
passed :)

starting test \BaraksTests\while\06.sjava, 201 out of 459:
passed :)

starting test \BaraksTests\while\07.sjava, 202 out of 459:
passed :)

starting test \BaraksTests\while\08.sjava, 203 out of 459:
passed :)

starting test \BaraksTests\while\09.sjava, 204 out of 459:
passed :)

starting test \BaraksTests\while\10.sjava, 205 out of 459:
passed :)

starting test \BaraksTests\while\11.sjava, 206 out of 459:
passed :)

starting test \BaraksTests\while\12.sjava, 207 out of 459:
passed :)

starting test \BaraksTests\while\13.sjava, 208 out of 459:
passed :)

starting test \BaraksTests\while\14.sjava, 209 out of 459:
failed						#######################################################

starting test \BaraksTests\while\15.sjava, 210 out of 459:
passed :)

starting test \BaraksTests\while\16.sjava, 211 out of 459:
passed :)

starting test \BaraksTests\while\17.sjava, 212 out of 459:
passed :)

starting test \BaraksTests\while\18.sjava, 213 out of 459:
passed :)

starting test \BaraksTests\while\22.sjava, 214 out of 459:
passed :)

starting test \BaraksTests\while\23.sjava, 215 out of 459:
passed :)

starting test \BaraksTests\while\24.sjava, 216 out of 459:
passed :)

starting test \BaraksTests\while\25.sjava, 217 out of 459:
passed :)

starting test \BaraksTests\while\26.sjava, 218 out of 459:
passed :)

starting test \BaraksTests\while\27.sjava, 219 out of 459:
passed :)

starting test \BaraksTests\while\28.sjava, 220 out of 459:
passed :)

starting test \SchoolTests\test001.sjava, 221 out of 459:
passed :)

starting test \SchoolTests\test002.sjava, 222 out of 459:
passed :)

starting test \SchoolTests\test003.sjava, 223 out of 459:
passed :)

starting test \SchoolTests\test004.sjava, 224 out of 459:
passed :)

starting test \SchoolTests\test005.sjava, 225 out of 459:
passed :)

starting test \SchoolTests\test006.sjava, 226 out of 459:
passed :)

starting test \SchoolTests\test007.sjava, 227 out of 459:
passed :)

starting test \SchoolTests\test008.sjava, 228 out of 459:
passed :)

starting test \SchoolTests\test009.sjava, 229 out of 459:
passed :)

starting test \SchoolTests\test011.sjava, 230 out of 459:
passed :)

starting test \SchoolTests\test012.sjava, 231 out of 459:
passed :)

starting test \SchoolTests\test013.sjava, 232 out of 459:
passed :)

starting test \SchoolTests\test014.sjava, 233 out of 459:
passed :)

starting test \SchoolTests\test015.sjava, 234 out of 459:
passed :)

starting test \SchoolTests\test016.sjava, 235 out of 459:
passed :)

starting test \SchoolTests\test017.sjava, 236 out of 459:
passed :)

starting test \SchoolTests\test018.sjava, 237 out of 459:
passed :)

starting test \SchoolTests\test019.sjava, 238 out of 459:
passed :)

starting test \SchoolTests\test021.sjava, 239 out of 459:
passed :)

starting test \SchoolTests\test022.sjava, 240 out of 459:
passed :)

starting test \SchoolTests\test023.sjava, 241 out of 459:
passed :)

starting test \SchoolTests\test024.sjava, 242 out of 459:
passed :)

starting test \SchoolTests\test025.sjava, 243 out of 459:
passed :)

starting test \SchoolTests\test026.sjava, 244 out of 459:
passed :)

starting test \SchoolTests\test027.sjava, 245 out of 459:
passed :)

starting test \SchoolTests\test028.sjava, 246 out of 459:
passed :)

starting test \SchoolTests\test029.sjava, 247 out of 459:
passed :)

starting test \SchoolTests\test030.sjava, 248 out of 459:
passed :)

starting test \SchoolTests\test031.sjava, 249 out of 459:
passed :)

starting test \SchoolTests\test032.sjava, 250 out of 459:
passed :)

starting test \SchoolTests\test033.sjava, 251 out of 459:
passed :)

starting test \SchoolTests\test034.sjava, 252 out of 459:
passed :)

starting test \SchoolTests\test035.sjava, 253 out of 459:
passed :)

starting test \SchoolTests\test036.sjava, 254 out of 459:
passed :)

starting test \SchoolTests\test037.sjava, 255 out of 459:
passed :)

starting test \SchoolTests\test038.sjava, 256 out of 459:
passed :)

starting test \SchoolTests\test039.sjava, 257 out of 459:
passed :)

starting test \SchoolTests\test041.sjava, 258 out of 459:
passed :)

starting test \SchoolTests\test042.sjava, 259 out of 459:
passed :)

starting test \SchoolTests\test043.sjava, 260 out of 459:
passed :)

starting test \SchoolTests\test044.sjava, 261 out of 459:
passed :)

starting test \SchoolTests\test045.sjava, 262 out of 459:
passed :)

starting test \SchoolTests\test046.sjava, 263 out of 459:
passed :)

starting test \SchoolTests\test047.sjava, 264 out of 459:
passed :)

starting test \SchoolTests\test048.sjava, 265 out of 459:
passed :)

starting test \SchoolTests\test049.sjava, 266 out of 459:
passed :)

starting test \SchoolTests\test050.sjava, 267 out of 459:
passed :)

starting test \SchoolTests\test051.sjava, 268 out of 459:
passed :)

starting test \SchoolTests\test052.sjava, 269 out of 459:
passed :)

starting test \SchoolTests\test053.sjava, 270 out of 459:
passed :)

starting test \SchoolTests\test054.sjava, 271 out of 459:
passed :)

starting test \SchoolTests\test055.sjava, 272 out of 459:
passed :)

starting test \SchoolTests\test056.sjava, 273 out of 459:
passed :)

starting test \SchoolTests\test057.sjava, 274 out of 459:
passed :)

starting test \SchoolTests\test058.sjava, 275 out of 459:
passed :)

starting test \SchoolTests\test059.sjava, 276 out of 459:
passed :)

starting test \SchoolTests\test061.sjava, 277 out of 459:
passed :)

starting test \SchoolTests\test062.sjava, 278 out of 459:
passed :)

starting test \SchoolTests\test063.sjava, 279 out of 459:
passed :)

starting test \SchoolTests\test064.sjava, 280 out of 459:
passed :)

starting test \SchoolTests\test065.sjava, 281 out of 459:
passed :)

starting test \SchoolTests\test066.sjava, 282 out of 459:
passed :)

starting test \SchoolTests\test067.sjava, 283 out of 459:
passed :)

starting test \SchoolTests\test101.sjava, 284 out of 459:
passed :)

starting test \SchoolTests\test102.sjava, 285 out of 459:
passed :)

starting test \SchoolTests\test103.sjava, 286 out of 459:
passed :)

starting test \SchoolTests\test104.sjava, 287 out of 459:
passed :)

starting test \SchoolTests\test105.sjava, 288 out of 459:
passed :)

starting test \SchoolTests\test106.sjava, 289 out of 459:
passed :)

starting test \SchoolTests\test107.sjava, 290 out of 459:
passed :)

starting test \SchoolTests\test108.sjava, 291 out of 459:
passed :)

starting test \SchoolTests\test109.sjava, 292 out of 459:
passed :)

starting test \SchoolTests\test110.sjava, 293 out of 459:
passed :)

starting test \SchoolTests\test111.sjava, 294 out of 459:
passed :)

starting test \SchoolTests\test112.sjava, 295 out of 459:
passed :)

starting test \SchoolTests\test113.sjava, 296 out of 459:
passed :)

starting test \SchoolTests\test114.sjava, 297 out of 459:
passed :)

starting test \SchoolTests\test115.sjava, 298 out of 459:
passed :)

starting test \SchoolTests\test116.sjava, 299 out of 459:
passed :)

starting test \SchoolTests\test117.sjava, 300 out of 459:
passed :)

starting test \SchoolTests\test201.sjava, 301 out of 459:
passed :)

starting test \SchoolTests\test202.sjava, 302 out of 459:
passed :)

starting test \SchoolTests\test203.sjava, 303 out of 459:
passed :)

starting test \SchoolTests\test204.sjava, 304 out of 459:
passed :)

starting test \SchoolTests\test205.sjava, 305 out of 459:
passed :)

starting test \SchoolTests\test206.sjava, 306 out of 459:
passed :)

starting test \SchoolTests\test207.sjava, 307 out of 459:
passed :)

starting test \SchoolTests\test208.sjava, 308 out of 459:
passed :)

starting test \SchoolTests\test209.sjava, 309 out of 459:
passed :)

starting test \SchoolTests\test211.sjava, 310 out of 459:
passed :)

starting test \SchoolTests\test212.sjava, 311 out of 459:
passed :)

starting test \SchoolTests\test213.sjava, 312 out of 459:
passed :)

starting test \SchoolTests\test214.sjava, 313 out of 459:
passed :)

starting test \SchoolTests\test215.sjava, 314 out of 459:
passed :)

starting test \SchoolTests\test216.sjava, 315 out of 459:
passed :)

starting test \SchoolTests\test217.sjava, 316 out of 459:
passed :)

starting test \SchoolTests\test218.sjava, 317 out of 459:
passed :)

starting test \SchoolTests\test219.sjava, 318 out of 459:
passed :)

starting test \SchoolTests\test221.sjava, 319 out of 459:
passed :)

starting test \SchoolTests\test222.sjava, 320 out of 459:
passed :)

starting test \SchoolTests\test223.sjava, 321 out of 459:
passed :)

starting test \SchoolTests\test224.sjava, 322 out of 459:
passed :)

starting test \SchoolTests\test225.sjava, 323 out of 459:
passed :)

starting test \SchoolTests\test226.sjava, 324 out of 459:
passed :)

starting test \SchoolTests\test227.sjava, 325 out of 459:
passed :)

starting test \SchoolTests\test231.sjava, 326 out of 459:
passed :)

starting test \SchoolTests\test232.sjava, 327 out of 459:
passed :)

starting test \SchoolTests\test233.sjava, 328 out of 459:
passed :)

starting test \SchoolTests\test234.sjava, 329 out of 459:
passed :)

starting test \SchoolTests\test235.sjava, 330 out of 459:
passed :)

starting test \SchoolTests\test236.sjava, 331 out of 459:
passed :)

starting test \SchoolTests\test237.sjava, 332 out of 459:
passed :)

starting test \SchoolTests\test238.sjava, 333 out of 459:
passed :)

starting test \SchoolTests\test239.sjava, 334 out of 459:
passed :)

starting test \SchoolTests\test241.sjava, 335 out of 459:
passed :)

starting test \SchoolTests\test242.sjava, 336 out of 459:
passed :)

starting test \SchoolTests\test243.sjava, 337 out of 459:
passed :)

starting test \SchoolTests\test244.sjava, 338 out of 459:
passed :)

starting test \SchoolTests\test245.sjava, 339 out of 459:
passed :)

starting test \SchoolTests\test246.sjava, 340 out of 459:
passed :)

starting test \SchoolTests\test247.sjava, 341 out of 459:
passed :)

starting test \SchoolTests\test248.sjava, 342 out of 459:
passed :)

starting test \SchoolTests\test249.sjava, 343 out of 459:
passed :)

starting test \SchoolTests\test250.sjava, 344 out of 459:
passed :)

starting test \SchoolTests\test251.sjava, 345 out of 459:
failed						#######################################################

starting test \SchoolTests\test252.sjava, 346 out of 459:
passed :)

starting test \SchoolTests\test253.sjava, 347 out of 459:
passed :)

starting test \SchoolTests\test254.sjava, 348 out of 459:
passed :)

starting test \SchoolTests\test255.sjava, 349 out of 459:
passed :)

starting test \SchoolTests\test257.sjava, 350 out of 459:
passed :)

starting test \SchoolTests\test261.sjava, 351 out of 459:
passed :)

starting test \SchoolTests\test262.sjava, 352 out of 459:
passed :)

starting test \SchoolTests\test263.sjava, 353 out of 459:
passed :)

starting test \SchoolTests\test264.sjava, 354 out of 459:
passed :)

starting test \SchoolTests\test265.sjava, 355 out of 459:
passed :)

starting test \SchoolTests\test266.sjava, 356 out of 459:
passed :)

starting test \SchoolTests\test267.sjava, 357 out of 459:
passed :)

starting test \SchoolTests\test268.sjava, 358 out of 459:
passed :)

starting test \SchoolTests\test269.sjava, 359 out of 459:
passed :)

starting test \SchoolTests\test270.sjava, 360 out of 459:
passed :)

starting test \SchoolTests\test271.sjava, 361 out of 459:
passed :)

starting test \SchoolTests\test272.sjava, 362 out of 459:
passed :)

starting test \SchoolTests\test273.sjava, 363 out of 459:
passed :)

starting test \SchoolTests\test274.sjava, 364 out of 459:
passed :)

starting test \SchoolTests\test291.sjava, 365 out of 459:
passed :)

starting test \SchoolTests\test301.sjava, 366 out of 459:
passed :)

starting test \SchoolTests\test302.sjava, 367 out of 459:
passed :)

starting test \SchoolTests\test303.sjava, 368 out of 459:
passed :)

starting test \SchoolTests\test305.sjava, 369 out of 459:
passed :)

starting test \SchoolTests\test306.sjava, 370 out of 459:
passed :)

starting test \SchoolTests\test307.sjava, 371 out of 459:
passed :)

starting test \SchoolTests\test308.sjava, 372 out of 459:
passed :)

starting test \SchoolTests\test309.sjava, 373 out of 459:
passed :)

starting test \SchoolTests\test310.sjava, 374 out of 459:
passed :)

starting test \SchoolTests\test311.sjava, 375 out of 459:
passed :)

starting test \SchoolTests\test312.sjava, 376 out of 459:
passed :)

starting test \SchoolTests\test313.sjava, 377 out of 459:
passed :)

starting test \SchoolTests\test314.sjava, 378 out of 459:
passed :)

starting test \SchoolTests\test315.sjava, 379 out of 459:
passed :)

starting test \SchoolTests\test316.sjava, 380 out of 459:
passed :)

starting test \SchoolTests\test321.sjava, 381 out of 459:
passed :)

starting test \SchoolTests\test322.sjava, 382 out of 459:
passed :)

starting test \SchoolTests\test323.sjava, 383 out of 459:
passed :)

starting test \SchoolTests\test324.sjava, 384 out of 459:
passed :)

starting test \SchoolTests\test325.sjava, 385 out of 459:
passed :)

starting test \SchoolTests\test326.sjava, 386 out of 459:
passed :)

starting test \SchoolTests\test327.sjava, 387 out of 459:
passed :)

starting test \SchoolTests\test328.sjava, 388 out of 459:
failed						#######################################################

starting test \SchoolTests\test401.sjava, 389 out of 459:
passed :)

starting test \SchoolTests\test402.sjava, 390 out of 459:
passed :)

starting test \SchoolTests\test403.sjava, 391 out of 459:
passed :)

starting test \SchoolTests\test404.sjava, 392 out of 459:
failed						#######################################################

starting test \SchoolTests\test405.sjava, 393 out of 459:
failed						#######################################################

starting test \SchoolTests\test406.sjava, 394 out of 459:
passed :)

starting test \SchoolTests\test407.sjava, 395 out of 459:
passed :)

starting test \SchoolTests\test408.sjava, 396 out of 459:
passed :)

starting test \SchoolTests\test409.sjava, 397 out of 459:
passed :)

starting test \SchoolTests\test410.sjava, 398 out of 459:
passed :)

starting test \SchoolTests\test411.sjava, 399 out of 459:
passed :)

starting test \SchoolTests\test412.sjava, 400 out of 459:
passed :)

starting test \SchoolTests\test413.sjava, 401 out of 459:
passed :)

starting test \SchoolTests\test414.sjava, 402 out of 459:
passed :)

starting test \SchoolTests\test415.sjava, 403 out of 459:
passed :)

starting test \SchoolTests\test416.sjava, 404 out of 459:
passed :)

starting test \SchoolTests\test417.sjava, 405 out of 459:
passed :)

starting test \SchoolTests\test418.sjava, 406 out of 459:
passed :)

starting test \SchoolTests\test420.sjava, 407 out of 459:
passed :)

starting test \SchoolTests\test421.sjava, 408 out of 459:
passed :)

starting test \SchoolTests\test422.sjava, 409 out of 459:
passed :)

starting test \SchoolTests\test423.sjava, 410 out of 459:
failed						#######################################################

starting test \SchoolTests\test425.sjava, 411 out of 459:
passed :)

starting test \SchoolTests\test427.sjava, 412 out of 459:
passed :)

starting test \SchoolTests\test428.sjava, 413 out of 459:
passed :)

starting test \SchoolTests\test429.sjava, 414 out of 459:
passed :)

starting test \SchoolTests\test430.sjava, 415 out of 459:
passed :)

starting test \SchoolTests\test431.sjava, 416 out of 459:
passed :)

starting test \SchoolTests\test432.sjava, 417 out of 459:
passed :)

starting test \SchoolTests\test433.sjava, 418 out of 459:
passed :)

starting test \SchoolTests\test434.sjava, 419 out of 459:
passed :)

starting test \SchoolTests\test435.sjava, 420 out of 459:
passed :)

starting test \SchoolTests\test436.sjava, 421 out of 459:
passed :)

starting test \SchoolTests\test437.sjava, 422 out of 459:
passed :)

starting test \SchoolTests\test438.sjava, 423 out of 459:
passed :)

starting test \SchoolTests\test439.sjava, 424 out of 459:
passed :)

starting test \SchoolTests\test440.sjava, 425 out of 459:
passed :)

starting test \SchoolTests\test441.sjava, 426 out of 459:
passed :)

starting test \SchoolTests\test442.sjava, 427 out of 459:
passed :)

starting test \SchoolTests\test451.sjava, 428 out of 459:
passed :)

starting test \SchoolTests\test452.sjava, 429 out of 459:
passed :)

starting test \SchoolTests\test453.sjava, 430 out of 459:
passed :)

starting test \SchoolTests\test454.sjava, 431 out of 459:
passed :)

starting test \SchoolTests\test455.sjava, 432 out of 459:
passed :)

starting test \SchoolTests\test456.sjava, 433 out of 459:
passed :)

starting test \SchoolTests\test457.sjava, 434 out of 459:
passed :)

starting test \SchoolTests\test458.sjava, 435 out of 459:
passed :)

starting test \SchoolTests\test459.sjava, 436 out of 459:
passed :)

starting test \SchoolTests\test460.sjava, 437 out of 459:
passed :)

starting test \SchoolTests\test461.sjava, 438 out of 459:
passed :)

starting test \SchoolTests\test462.sjava, 439 out of 459:
passed :)

starting test \SchoolTests\test463.sjava, 440 out of 459:
passed :)

starting test \SchoolTests\test464.sjava, 441 out of 459:
passed :)

starting test \SchoolTests\test465.sjava, 442 out of 459:
passed :)

starting test \SchoolTests\test466.sjava, 443 out of 459:
passed :)

starting test \SchoolTests\test467.sjava, 444 out of 459:
passed :)

starting test \SchoolTests\test468.sjava, 445 out of 459:
passed :)

starting test \SchoolTests\test469.sjava, 446 out of 459:
passed :)

starting test \SchoolTests\test470.sjava, 447 out of 459:
passed :)

starting test \SchoolTests\test471.sjava, 448 out of 459:
passed :)

starting test \SchoolTests\test472.sjava, 449 out of 459:
passed :)

starting test \SchoolTests\test473.sjava, 450 out of 459:
passed :)

starting test \SchoolTests\test474.sjava, 451 out of 459:
passed :)

starting test \SchoolTests\test475.sjava, 452 out of 459:
passed :)

starting test \SchoolTests\test476.sjava, 453 out of 459:
passed :)

starting test \SchoolTests\test477.sjava, 454 out of 459:
passed :)

starting test \SchoolTests\test501.sjava, 455 out of 459:
passed :)

starting test \SchoolTests\test502.sjava, 456 out of 459:
passed :)

starting test \SchoolTests\test503.sjava, 457 out of 459:
passed :)

starting test \SchoolTests\test504.sjava, 458 out of 459:
passed :)

starting test \SchoolTests\test505.sjava, 459 out of 459:
passed :)

passed 440 out of 459 tests.


java.lang.AssertionError:
▓█████  ██▀███   ██▀███   ▒█████   ██▀███
▓█   ▀ ▓██ ▒ ██▒▓██ ▒ ██▒▒██▒  ██▒▓██ ▒ ██▒
▒███   ▓██ ░▄█ ▒▓██ ░▄█ ▒▒██░  ██▒▓██ ░▄█ ▒
▒▓█  ▄ ▒██▀▀█▄  ▒██▀▀█▄  ▒██   ██░▒██▀▀█▄
░▒████▒░██▓ ▒██▒░██▓ ▒██▒░ ████▓▒░░██▓ ▒██▒
░░ ▒░ ░░ ▒▓ ░▒▓░░ ▒▓ ░▒▓░░ ▒░▒░▒░ ░ ▒▓ ░▒▓░
 ░ ░  ░  ░▒ ░ ▒░  ░▒ ░ ▒░  ░ ▒ ▒░   ░▒ ░ ▒░
   ░     ░░   ░   ░░   ░ ░ ░ ░ ▒    ░░   ░
   ░  ░   ░        ░         ░ ░     ░


	at org.junit.Assert.fail(Assert.java:89)
	at org.junit.Assert.assertTrue(Assert.java:42)
	at ex5.Tester_ex6_oop.runAllTests(Tester_ex6_oop.java:114)
	at java.base/jdk.internal.reflect.NativeMethodAccessorImpl.invoke0(Native Method)
	at java.base/jdk.internal.reflect.NativeMethodAccessorImpl.invoke(NativeMethodAccessorImpl.java:77)
	at java.base/jdk.internal.reflect.DelegatingMethodAccessorImpl.invoke(DelegatingMethodAccessorImpl.java:43)
	at java.base/java.lang.reflect.Method.invoke(Method.java:568)
	at org.junit.runners.model.FrameworkMethod$1.runReflectiveCall(FrameworkMethod.java:59)
	at org.junit.internal.runners.model.ReflectiveCallable.run(ReflectiveCallable.java:12)
	at org.junit.runners.model.FrameworkMethod.invokeExplosively(FrameworkMethod.java:56)
	at org.junit.internal.runners.statements.InvokeMethod.evaluate(InvokeMethod.java:17)
	at org.junit.runners.ParentRunner$3.evaluate(ParentRunner.java:306)
	at org.junit.runners.BlockJUnit4ClassRunner$1.evaluate(BlockJUnit4ClassRunner.java:100)
	at org.junit.runners.ParentRunner.runLeaf(ParentRunner.java:366)
	at org.junit.runners.BlockJUnit4ClassRunner.runChild(BlockJUnit4ClassRunner.java:103)
	at org.junit.runners.BlockJUnit4ClassRunner.runChild(BlockJUnit4ClassRunner.java:63)
	at org.junit.runners.ParentRunner$4.run(ParentRunner.java:331)
	at org.junit.runners.ParentRunner$1.schedule(ParentRunner.java:79)
	at org.junit.runners.ParentRunner.runChildren(ParentRunner.java:329)
	at org.junit.runners.ParentRunner.access$100(ParentRunner.java:66)
	at org.junit.runners.ParentRunner$2.evaluate(ParentRunner.java:293)
	at org.junit.runners.ParentRunner$3.evaluate(ParentRunner.java:306)
	at org.junit.runners.ParentRunner.run(ParentRunner.java:413)
	at org.junit.runner.JUnitCore.run(JUnitCore.java:137)
	at com.intellij.junit4.JUnit4IdeaTestRunner.startRunnerWithArgs(JUnit4IdeaTestRunner.java:69)
	at com.intellij.rt.junit.IdeaTestRunner$Repeater$1.execute(IdeaTestRunner.java:38)
	at com.intellij.rt.execution.junit.TestsRepeater.repeat(TestsRepeater.java:11)
	at com.intellij.rt.junit.IdeaTestRunner$Repeater.startRunnerWithArgs(IdeaTestRunner.java:35)
	at com.intellij.rt.junit.JUnitStarter.prepareStreamsAndStart(JUnitStarter.java:232)
	at com.intellij.rt.junit.JUnitStarter.main(JUnitStarter.java:55)


Process finished with exit code -1
